<?xml version="1.0" encoding="UTF-8"?>
<testng-results ignored="0" total="1" passed="1" failed="0" skipped="0">
  <reporter-output>
  </reporter-output>
  <suite started-at="2025-07-19T12:52:54 IST" name="Default suite" finished-at="2025-07-19T12:53:04 IST" duration-ms="9753">
    <groups>
    </groups>
    <test started-at="2025-07-19T12:52:54 IST" name="Default test" finished-at="2025-07-19T12:53:04 IST" duration-ms="9753">
      <class name="FirstProject.FirstProject.FirstTest">
        <test-method signature="firstTest()[pri:0, instance:FirstProject.FirstProject.FirstTest@7b98f307]" started-at="2025-07-19T12:52:55 IST" name="firstTest" finished-at="2025-07-19T12:53:04 IST" duration-ms="9616" status="PASS">
          <reporter-output>
          </reporter-output>
        </test-method> <!-- firstTest -->
      </class> <!-- FirstProject.FirstProject.FirstTest -->
    </test> <!-- Default test -->
  </suite> <!-- Default suite -->
</testng-results>
